#
# There is insufficient memory for the Java Runtime Environment to continue.
# Native memory allocation (mmap) failed to map 257949696 bytes. Error detail: G1 virtual space
# Possible reasons:
#   The system is out of physical RAM or swap space
#   This process is running with CompressedOops enabled, and the Java Heap may be blocking the growth of the native heap
# Possible solutions:
#   Reduce memory load on the system
#   Increase physical memory or swap space
#   Check if swap backing store is full
#   Decrease Java heap size (-Xmx/-Xms)
#   Decrease number of Java threads
#   Decrease Java thread stack sizes (-Xss)
#   Set larger code cache with -XX:ReservedCodeCacheSize=
#   JVM is running with Zero Based Compressed Oops mode in which the Java heap is
#     placed in the first 32GB address space. The Java Heap base address is the
#     maximum limit for the native heap growth. Please use -XX:HeapBaseMinAddress
#     to set the Java Heap base and to place the Java Heap above 32GB virtual address.
# This output file may be truncated or incomplete.
#
#  Out of Memory Error (os_windows.cpp:3766), pid=10232, tid=5692
#
# JRE version:  (25.0.2+1) (build )
# Java VM: OpenJDK 64-Bit Server VM (25.0.2+1-b329.72, mixed mode, sharing, tiered, compressed oops, compressed class ptrs, g1 gc, windows-amd64)
# No core dump will be written. Minidumps are not enabled by default on client versions of Windows
#

---------------  S U M M A R Y ------------

Command Line: git4idea.http.GitAskPassApp Username for 'https://github.com': 

Host: AMD Ryzen 5 7535U with Radeon Graphics         , 12 cores, 15G,  Windows 11 , 64 bit Build 26100 (10.0.26100.7920)
Time: Wed Apr  1 21:13:40 2026 Central Daylight Time elapsed time: 1.161592 seconds (0d 0h 0m 1s)

---------------  T H R E A D  ---------------

Current thread (0x000001cf2f202750):  JavaThread "Unknown thread" [_thread_in_vm, id=5692, stack(0x0000006a9b000000,0x0000006a9b100000) (1024K)]

Stack: [0x0000006a9b000000,0x0000006a9b100000]
Native frames: (J=compiled Java code, j=interpreted, Vv=VM code, C=native code)
V  [jvm.dll+0x7c0b19]  (no source info available)
V  [jvm.dll+0x78a2ed]  (no source info available)
V  [jvm.dll+0xa0e563]  (no source info available)
V  [jvm.dll+0xa10d5c]  (no source info available)
V  [jvm.dll+0xa11453]  (no source info available)
V  [jvm.dll+0x307b86]  (no source info available)
V  [jvm.dll+0x7bcd25]  (no source info available)
V  [jvm.dll+0x7afce7]  (no source info available)
V  [jvm.dll+0x4015ce]  (no source info available)
V  [jvm.dll+0x4093eb]  (no source info available)
V  [jvm.dll+0x3f5c29]  (no source info available)
V  [jvm.dll+0x3f5edb]  (no source info available)
V  [jvm.dll+0x3cc093]  (no source info available)
V  [jvm.dll+0x3cccfe]  (no source info available)
V  [jvm.dll+0x9d48d7]  (no source info available)
V  [jvm.dll+0x466ce2]  (no source info available)
V  [jvm.dll+0x9b8019]  (no source info available)
V  [jvm.dll+0x508951]  (no source info available)
V  [jvm.dll+0x50a2c1]  (no source info available)
C  [jli.dll+0x541a]  (no source info available)
C  [ucrtbase.dll+0x37b0]  (no source info available)
C  [KERNEL32.DLL+0x2e8d7]  (no source info available)
C  [ntdll.dll+0x8c48c]  (no source info available)

Lock stack of current Java thread (top to bottom):


---------------  P R O C E S S  ---------------

Threads class SMR info:
_java_thread_list=0x00007fffaff79108, length=0, elements={
}

Java Threads: ( => current thread )
Total: 0

Other Threads:
  0x000001cf31747b90 WorkerThread "GC Thread#0"                     [id=8196, stack(0x0000006a9b100000,0x0000006a9b200000) (1024K)]
  0x000001cf31762a20 ConcurrentGCThread "G1 Main Marker"            [id=5264, stack(0x0000006a9b200000,0x0000006a9b300000) (1024K)]
  0x000001cf31766110 WorkerThread "G1 Conc#0"                       [id=25364, stack(0x0000006a9b300000,0x0000006a9b400000) (1024K)]

[error occurred during error reporting (printing all threads), id 0xc0000005, EXCEPTION_ACCESS_VIOLATION (0xc0000005) at pc=0x00007fffaf590cea]
VM state: not at safepoint (not fully initialized)

VM Mutex/Monitor currently owned by a thread:  ([mutex/lock_event])
[0x00007fffb0001d20] Heap_lock - owner thread: 0x000001cf2f202750

Heap address: 0x000000070ae00000, size: 3922 MB, Compressed Oops mode: Zero based, Oop shift amount: 3

CDS archive(s) mapped at: [0x0000000000000000-0x0000000000000000-0x0000000000000000), size 0, SharedBaseAddress: 0x0000000800000000, ArchiveRelocationMode: 1.
UseCompressedClassPointers 1, UseCompactObjectHeaders 0
Narrow klass pointer bits 32, Max shift 3
Narrow klass base: 0xffffffffffffffff, Narrow klass shift: -1
Encoding Range: [0xffffffffffffffff - 0x000000007fffffff), (2147483648 bytes)
Klass Range:    [0x0000000000000000 - 0x0000000000000000), (0 bytes)
Klass ID Range:  [4294967295 - 0) (1)
No protection zone.

GC Precious Log:
 CardTable entry size: 512
 Card Set container configuration: InlinePtr #cards 4 size 8 Array Of Cards #cards 16 size 48 Howl #buckets 8 coarsen threshold 3686 Howl Bitmap #cards 512 size 80 coarsen threshold 460 Card regions per heap region 1 cards per card region 4096

Heap:
 garbage-first heap   total reserved 4016128K, committed 0K, used 0K [0x000000070ae00000, 0x0000000800000000)
  region size 2048K, 0 young (0K), 0 survivors (0K)

Heap Regions: E=young(eden), S=young(survivor), O=old, HS=humongous(starts), HC=humongous(continues), CS=collection set, F=free, TAMS=top-at-mark-start, PB=parsable bottom

Card table byte_map: [0x000001cf457e0000,0x000001cf45f90000] _byte_map_base: 0x000001cf41f89000

Marking Bits: (CMBitMap*) 0x000001cf3174b140
 Bits: [0x000001cf45f90000, 0x000001cf49cd8000)

GC Heap Usage History (0 events):
No events

Metaspace Usage History (0 events):
No events

Dll operation events (1 events):
Event: 0.010 Loaded shared library C:\Program Files\JetBrains\IntelliJ_Projects\jbr\bin\java.dll

Deoptimization events (0 events):
No events

Classes loaded (0 events):
No events

Classes unloaded (0 events):
No events

Classes redefined (0 events):
No events

Internal exceptions (0 events):
No events

VM Operations (0 events):
No events

Memory protections (0 events):
No events

Nmethod flushes (0 events):
No events

Events (0 events):
No events


Dynamic libraries:
0x00007ff633e30000 - 0x00007ff633e3a000 	C:\Program Files\JetBrains\IntelliJ_Projects\jbr\bin\java.exe
0x00007ff8448a0000 - 0x00007ff844b07000 	C:\WINDOWS\SYSTEM32\ntdll.dll
0x00007ff844460000 - 0x00007ff844529000 	C:\WINDOWS\System32\KERNEL32.DLL
0x00007ff8416f0000 - 0x00007ff841ae1000 	C:\WINDOWS\System32\KERNELBASE.dll
0x00007ff841180000 - 0x00007ff8412cb000 	C:\WINDOWS\System32\ucrtbase.dll
0x00007ff832800000 - 0x00007ff832817000 	C:\Program Files\JetBrains\IntelliJ_Projects\jbr\bin\jli.dll
0x00007ff83d240000 - 0x00007ff83d25e000 	C:\Program Files\JetBrains\IntelliJ_Projects\jbr\bin\VCRUNTIME140.dll
0x00007ff8434b0000 - 0x00007ff843675000 	C:\WINDOWS\System32\USER32.dll
0x00007ff841b80000 - 0x00007ff841ba7000 	C:\WINDOWS\System32\win32u.dll
0x00007ff844530000 - 0x00007ff84455b000 	C:\WINDOWS\System32\GDI32.dll
0x00007ff818f40000 - 0x00007ff8191d3000 	C:\WINDOWS\WinSxS\amd64_microsoft.windows.common-controls_6595b64144ccf1df_6.0.26100.8037_none_3e092faae333b53b\COMCTL32.dll
0x00007ff843400000 - 0x00007ff8434a9000 	C:\WINDOWS\System32\msvcrt.dll
0x00007ff8415c0000 - 0x00007ff8416eb000 	C:\WINDOWS\System32\gdi32full.dll
0x00007ff8424d0000 - 0x00007ff842573000 	C:\WINDOWS\System32\msvcp_win.dll
0x00007ff842c50000 - 0x00007ff842c81000 	C:\WINDOWS\System32\IMM32.DLL
0x00007ff83ae60000 - 0x00007ff83ae6c000 	C:\Program Files\JetBrains\IntelliJ_Projects\jbr\bin\vcruntime140_1.dll
0x00007ff832820000 - 0x00007ff8328a9000 	C:\Program Files\JetBrains\IntelliJ_Projects\jbr\bin\msvcp140.dll
0x00007fffaf1b0000 - 0x00007fffb0102000 	C:\Program Files\JetBrains\IntelliJ_Projects\jbr\bin\server\jvm.dll
0x00007ff8445f0000 - 0x00007ff8446ab000 	C:\WINDOWS\System32\ADVAPI32.dll
0x00007ff842740000 - 0x00007ff8427e7000 	C:\WINDOWS\System32\sechost.dll
0x00007ff8446c0000 - 0x00007ff8447d8000 	C:\WINDOWS\System32\RPCRT4.dll
0x00007ff842bd0000 - 0x00007ff842c44000 	C:\WINDOWS\System32\WS2_32.dll
0x00007ff840fe0000 - 0x00007ff84103e000 	C:\WINDOWS\SYSTEM32\POWRPROF.dll
0x00007ff83ad40000 - 0x00007ff83ad4b000 	C:\WINDOWS\SYSTEM32\VERSION.dll
0x00007ff831dd0000 - 0x00007ff831e05000 	C:\WINDOWS\SYSTEM32\WINMM.dll
0x00007ff840fc0000 - 0x00007ff840fd4000 	C:\WINDOWS\SYSTEM32\UMPDC.dll
0x00007ff83fed0000 - 0x00007ff83feeb000 	C:\WINDOWS\SYSTEM32\kernel.appcore.dll
0x00007ff83ae50000 - 0x00007ff83ae5a000 	C:\Program Files\JetBrains\IntelliJ_Projects\jbr\bin\jimage.dll
0x00007ff835910000 - 0x00007ff835b52000 	C:\WINDOWS\SYSTEM32\DBGHELP.DLL
0x00007ff843dc0000 - 0x00007ff844142000 	C:\WINDOWS\System32\combase.dll
0x00007ff8436e0000 - 0x00007ff8437b7000 	C:\WINDOWS\System32\OLEAUT32.dll
0x00007ff816360000 - 0x00007ff81639b000 	C:\WINDOWS\SYSTEM32\dbgcore.DLL
0x00007ff841bb0000 - 0x00007ff841c55000 	C:\WINDOWS\System32\bcryptPrimitives.dll
0x00007ff83ae30000 - 0x00007ff83ae4f000 	C:\Program Files\JetBrains\IntelliJ_Projects\jbr\bin\java.dll
0x00007ff844150000 - 0x00007ff8442e5000 	C:\WINDOWS\System32\ole32.dll
0x00007ff842c90000 - 0x00007ff8433ef000 	C:\WINDOWS\System32\SHELL32.dll
0x00007ff8412d0000 - 0x00007ff84143a000 	C:\WINDOWS\System32\wintypes.dll

JVMTI agents: none

dbghelp: loaded successfully - version: 4.0.5 - missing functions: none
symbol engine: initialized successfully - sym options: 0x614 - pdb path: .;C:\Program Files\JetBrains\IntelliJ_Projects\jbr\bin;C:\WINDOWS\SYSTEM32;C:\WINDOWS\WinSxS\amd64_microsoft.windows.common-controls_6595b64144ccf1df_6.0.26100.8037_none_3e092faae333b53b;C:\Program Files\JetBrains\IntelliJ_Projects\jbr\bin\server

VM Arguments:
java_command: git4idea.http.GitAskPassApp Username for 'https://github.com': 
java_class_path (initial): C:/Program Files/JetBrains/IntelliJ_Projects/plugins/vcs-git/lib/git4idea-rt.jar;C:/Program Files/JetBrains/IntelliJ_Projects/lib/externalProcess-rt.jar
Launcher Type: SUN_STANDARD

[Global flags]
     intx CICompilerCount                          = 4                                         {product} {ergonomic}
     uint ConcGCThreads                            = 3                                         {product} {ergonomic}
     uint G1ConcRefinementThreads                  = 10                                        {product} {ergonomic}
   size_t G1HeapRegionSize                         = 2097152                                   {product} {ergonomic}
   size_t InitialHeapSize                          = 257949696                                 {product} {ergonomic}
   size_t MarkStackSize                            = 4194304                                   {product} {ergonomic}
   size_t MarkStackSizeMax                         = 536870912                                 {product} {ergonomic}
   size_t MaxHeapSize                              = 4112515072                                {product} {ergonomic}
   size_t MinHeapDeltaBytes                        = 2097152                                   {product} {ergonomic}
   size_t MinHeapSize                              = 8388608                                   {product} {ergonomic}
    uintx NonNMethodCodeHeapSize                   = 5832704                                {pd product} {ergonomic}
    uintx NonProfiledCodeHeapSize                  = 122945536                              {pd product} {ergonomic}
    uintx ProfiledCodeHeapSize                     = 122880000                              {pd product} {ergonomic}
    uintx ReservedCodeCacheSize                    = 251658240                              {pd product} {ergonomic}
     bool SegmentedCodeCache                       = true                                      {product} {ergonomic}
   size_t SoftMaxHeapSize                          = 4112515072                             {manageable} {ergonomic}
     bool UseCompressedOops                        = true                           {product lp64_product} {ergonomic}
     bool UseG1GC                                  = true                                      {product} {ergonomic}
     bool UseLargePagesIndividualAllocation        = false                                  {pd product} {ergonomic}

Logging:
Log output configuration:
 #0: stdout all=warning uptime,level,tags foldmultilines=false
 #1: stderr all=off uptime,level,tags foldmultilines=false

Release file:
<release file has not been read>
Environment Variables:
JAVA_HOME=C:\Users\GuestUser\.jdks\ms-17.0.18
PATH=C:/Users/GuestUser/AppData/Local/Programs/Git/mingw64/libexec/git-core;C:/Users/GuestUser/AppData/Local/Programs/Git/mingw64/libexec/git-core;C:\Users\GuestUser\AppData\Local\Programs\Git\mingw64\bin;C:\Users\GuestUser\AppData\Local\Programs\Git\usr\bin;C:\Users\GuestUser\bin;C:\Users\GuestUser\IdeaProjects\first\.venv\Scripts;C:\Users\GuestUser\.jdks\ms-17.0.18\bin;C:\WINDOWS\system32;C:\WINDOWS;C:\WINDOWS\System32\Wbem;C:\WINDOWS\System32\WindowsPowerShell\v1.0\;C:\WINDOWS\System32\OpenSSH\;C:\Users\GuestUser\AppData\Local\Microsoft\WindowsApps;C:\Users\GuestUser\AppData\Local\Programs\Git\cmd
USERNAME=GuestUser
DISPLAY=:0.0
LC_ALL=en_US.UTF-8
TERM=xterm-256color
TMPDIR=C:\Users\GUESTU~1\AppData\Local\Temp
OS=Windows_NT
PROCESSOR_IDENTIFIER=AMD64 Family 25 Model 68 Stepping 1, AuthenticAMD
TMP=C:\Users\GUESTU~1\AppData\Local\Temp
TEMP=C:\Users\GUESTU~1\AppData\Local\Temp




Compilation memory statistics disabled.

Periodic native trim disabled

JNI global refs:
JNI global refs: 0, weak refs: 0

JNI global refs memory usage: 0, weak refs: 0

Process memory usage:
Resident Set Size: 14300K (0% of 16057352K total physical memory with 4081548K free physical memory)

OOME stack traces (most recent first):
Classloader memory used:

---------------  S Y S T E M  ---------------

OS:
 Windows 11 , 64 bit Build 26100 (10.0.26100.7920)
OS uptime: 1 days 1:00 hours
Hyper-V role detected

CPU: total 12 (initial active 12) (12 cores per cpu, 2 threads per core) family 25 model 68 stepping 1 microcode 0xa40410a, cx8, cmov, fxsr, ht, mmx, 3dnowpref, sse, sse2, sse3, ssse3, sse4a, sse4.1, sse4.2, popcnt, lzcnt, tsc, tscinvbit, avx, avx2, aes, erms, clmul, bmi1, bmi2, adx, sha, fma, vzeroupper, clflush, clflushopt, clwb, hv, rdtscp, rdpid, fsrm, f16c, cet_ss
Processor Information for processor 0
  Max Mhz: 2901, Current Mhz: 2482, Mhz Limit: 2901
Processor Information for processor 1
  Max Mhz: 2901, Current Mhz: 2482, Mhz Limit: 2901
Processor Information for processor 2
  Max Mhz: 2901, Current Mhz: 2482, Mhz Limit: 2901
Processor Information for processor 3
  Max Mhz: 2901, Current Mhz: 2901, Mhz Limit: 2901
Processor Information for processor 4
  Max Mhz: 2901, Current Mhz: 2482, Mhz Limit: 2901
Processor Information for processor 5
  Max Mhz: 2901, Current Mhz: 2482, Mhz Limit: 2901
Processor Information for processor 6
  Max Mhz: 2901, Current Mhz: 2901, Mhz Limit: 2901
Processor Information for processor 7
  Max Mhz: 2901, Current Mhz: 2482, Mhz Limit: 2901
Processor Information for processor 8
  Max Mhz: 2901, Current Mhz: 2482, Mhz Limit: 2901
Processor Information for processor 9
  Max Mhz: 2901, Current Mhz: 2482, Mhz Limit: 2901
Processor Information for processor 10
  Max Mhz: 2901, Current Mhz: 2482, Mhz Limit: 2901
Processor Information for processor 11
  Max Mhz: 2901, Current Mhz: 2482, Mhz Limit: 2901

Memory: 4k page, system-wide physical 15681M (3985M free)
TotalPageFile size 19777M (AvailPageFile size 73M)
current process WorkingSet (physical memory assigned to process): 14M, peak: 14M
current process commit charge ("private bytes"): 65M, peak: 310M

vm_info: OpenJDK 64-Bit Server VM (25.0.2+1-b329.72) for windows-amd64 JRE (25.0.2+1-b329.72), built on 2026-03-02 with MS VC++ 17.14 (VS2022)

END.
